Determining if the pthread_create exist failed with the following output:
Change Dir: /home/hcq/pcl/pcl-learning/00base/00pcd_write/build/CMakeFiles/CMakeTmp

Run Build Command:"/usr/bin/make" "cmTC_fc7c7/fast"
/usr/bin/make -f CMakeFiles/cmTC_fc7c7.dir/build.make CMakeFiles/cmTC_fc7c7.dir/build
make[1]: 进入目录“/home/hcq/pcl/pcl-learning/00base/00pcd_write/build/CMakeFiles/CMakeTmp”
Building C object CMakeFiles/cmTC_fc7c7.dir/CheckSymbolExists.c.o
/usr/bin/cc    -o CMakeFiles/cmTC_fc7c7.dir/CheckSymbolExists.c.o   -c /home/hcq/pcl/pcl-learning/00base/00pcd_write/build/CMakeFiles/CMakeTmp/CheckSymbolExists.c
Linking C executable cmTC_fc7c7
/usr/bin/cmake -E cmake_link_script CMakeFiles/cmTC_fc7c7.dir/link.txt --verbose=1
/usr/bin/cc      -rdynamic CMakeFiles/cmTC_fc7c7.dir/CheckSymbolExists.c.o  -o cmTC_fc7c7 
CMakeFiles/cmTC_fc7c7.dir/CheckSymbolExists.c.o：在函数‘main’中：
CheckSymbolExists.c:(.text+0x1b)：对‘pthread_create’未定义的引用
collect2: error: ld returned 1 exit status
CMakeFiles/cmTC_fc7c7.dir/build.make:97: recipe for target 'cmTC_fc7c7' failed
make[1]: *** [cmTC_fc7c7] Error 1
make[1]: 离开目录“/home/hcq/pcl/pcl-learning/00base/00pcd_write/build/CMakeFiles/CMakeTmp”
Makefile:126: recipe for target 'cmTC_fc7c7/fast' failed
make: *** [cmTC_fc7c7/fast] Error 2

File /home/hcq/pcl/pcl-learning/00base/00pcd_write/build/CMakeFiles/CMakeTmp/CheckSymbolExists.c:
/* */
#include <pthread.h>

int main(int argc, char** argv)
{
  (void)argv;
#ifndef pthread_create
  return ((int*)(&pthread_create))[argc];
#else
  (void)argc;
  return 0;
#endif
}

Determining if the function pthread_create exists in the pthreads failed with the following output:
Change Dir: /home/hcq/pcl/pcl-learning/00base/00pcd_write/build/CMakeFiles/CMakeTmp

Run Build Command:"/usr/bin/make" "cmTC_93a65/fast"
/usr/bin/make -f CMakeFiles/cmTC_93a65.dir/build.make CMakeFiles/cmTC_93a65.dir/build
make[1]: 进入目录“/home/hcq/pcl/pcl-learning/00base/00pcd_write/build/CMakeFiles/CMakeTmp”
Building C object CMakeFiles/cmTC_93a65.dir/CheckFunctionExists.c.o
/usr/bin/cc   -DCHECK_FUNCTION_EXISTS=pthread_create   -o CMakeFiles/cmTC_93a65.dir/CheckFunctionExists.c.o   -c /usr/share/cmake-3.10/Modules/CheckFunctionExists.c
Linking C executable cmTC_93a65
/usr/bin/cmake -E cmake_link_script CMakeFiles/cmTC_93a65.dir/link.txt --verbose=1
/usr/bin/cc  -DCHECK_FUNCTION_EXISTS=pthread_create    -rdynamic CMakeFiles/cmTC_93a65.dir/CheckFunctionExists.c.o  -o cmTC_93a65 -lpthreads 
/usr/bin/ld: 找不到 -lpthreads
collect2: error: ld returned 1 exit status
CMakeFiles/cmTC_93a65.dir/build.make:97: recipe for target 'cmTC_93a65' failed
make[1]: *** [cmTC_93a65] Error 1
make[1]: 离开目录“/home/hcq/pcl/pcl-learning/00base/00pcd_write/build/CMakeFiles/CMakeTmp”
Makefile:126: recipe for target 'cmTC_93a65/fast' failed
make: *** [cmTC_93a65/fast] Error 2


