Determining if the pthread_create exist failed with the following output:
Change Dir: /home/hcq/pcl_learning/pcl-learning/01matrix_transform/build/CMakeFiles/CMakeTmp

Run Build Command:"/usr/bin/make" "cmTC_8eeb6/fast"
/usr/bin/make -f CMakeFiles/cmTC_8eeb6.dir/build.make CMakeFiles/cmTC_8eeb6.dir/build
make[1]: 进入目录“/home/hcq/pcl_learning/pcl-learning/01matrix_transform/build/CMakeFiles/CMakeTmp”
Building C object CMakeFiles/cmTC_8eeb6.dir/CheckSymbolExists.c.o
/usr/bin/cc    -o CMakeFiles/cmTC_8eeb6.dir/CheckSymbolExists.c.o   -c /home/hcq/pcl_learning/pcl-learning/01matrix_transform/build/CMakeFiles/CMakeTmp/CheckSymbolExists.c
Linking C executable cmTC_8eeb6
/usr/bin/cmake -E cmake_link_script CMakeFiles/cmTC_8eeb6.dir/link.txt --verbose=1
/usr/bin/cc      -rdynamic CMakeFiles/cmTC_8eeb6.dir/CheckSymbolExists.c.o  -o cmTC_8eeb6 
CMakeFiles/cmTC_8eeb6.dir/CheckSymbolExists.c.o：在函数‘main’中：
CheckSymbolExists.c:(.text+0x1b)：对‘pthread_create’未定义的引用
collect2: error: ld returned 1 exit status
CMakeFiles/cmTC_8eeb6.dir/build.make:97: recipe for target 'cmTC_8eeb6' failed
make[1]: *** [cmTC_8eeb6] Error 1
make[1]: 离开目录“/home/hcq/pcl_learning/pcl-learning/01matrix_transform/build/CMakeFiles/CMakeTmp”
Makefile:126: recipe for target 'cmTC_8eeb6/fast' failed
make: *** [cmTC_8eeb6/fast] Error 2

File /home/hcq/pcl_learning/pcl-learning/01matrix_transform/build/CMakeFiles/CMakeTmp/CheckSymbolExists.c:
/* */
#include <pthread.h>

int main(int argc, char** argv)
{
  (void)argv;
#ifndef pthread_create
  return ((int*)(&pthread_create))[argc];
#else
  (void)argc;
  return 0;
#endif
}

Determining if the function pthread_create exists in the pthreads failed with the following output:
Change Dir: /home/hcq/pcl_learning/pcl-learning/01matrix_transform/build/CMakeFiles/CMakeTmp

Run Build Command:"/usr/bin/make" "cmTC_fde58/fast"
/usr/bin/make -f CMakeFiles/cmTC_fde58.dir/build.make CMakeFiles/cmTC_fde58.dir/build
make[1]: 进入目录“/home/hcq/pcl_learning/pcl-learning/01matrix_transform/build/CMakeFiles/CMakeTmp”
Building C object CMakeFiles/cmTC_fde58.dir/CheckFunctionExists.c.o
/usr/bin/cc   -DCHECK_FUNCTION_EXISTS=pthread_create   -o CMakeFiles/cmTC_fde58.dir/CheckFunctionExists.c.o   -c /usr/share/cmake-3.10/Modules/CheckFunctionExists.c
Linking C executable cmTC_fde58
/usr/bin/cmake -E cmake_link_script CMakeFiles/cmTC_fde58.dir/link.txt --verbose=1
/usr/bin/cc  -DCHECK_FUNCTION_EXISTS=pthread_create    -rdynamic CMakeFiles/cmTC_fde58.dir/CheckFunctionExists.c.o  -o cmTC_fde58 -lpthreads 
/usr/bin/ld: 找不到 -lpthreads
collect2: error: ld returned 1 exit status
CMakeFiles/cmTC_fde58.dir/build.make:97: recipe for target 'cmTC_fde58' failed
make[1]: *** [cmTC_fde58] Error 1
make[1]: 离开目录“/home/hcq/pcl_learning/pcl-learning/01matrix_transform/build/CMakeFiles/CMakeTmp”
Makefile:126: recipe for target 'cmTC_fde58/fast' failed
make: *** [cmTC_fde58/fast] Error 2


